<?xml version="1.0" encoding="UTF-8"?>
<coverage generated="1754384820546" clover="3.2.0">
  <project timestamp="1754384820547" name="All files">
    <metrics statements="13" coveredstatements="11" conditionals="4" coveredconditionals="2" methods="1" coveredmethods="1" elements="18" coveredelements="14" complexity="0" loc="13" ncloc="13" packages="1" files="1" classes="1"/>
    <file name="index.js" path="C:\Users\sneha\Pictures\Sneha-files\canada\College\ALbert CI_CD\Project\index.js">
      <metrics statements="13" coveredstatements="11" conditionals="4" coveredconditionals="2" methods="1" coveredmethods="1"/>
      <line num="1" count="1" type="stmt"/>
      <line num="2" count="1" type="stmt"/>
      <line num="3" count="1" type="stmt"/>
      <line num="5" count="1" type="stmt"/>
      <line num="6" count="1" type="cond" truecount="1" falsecount="1"/>
      <line num="8" count="1" type="stmt"/>
      <line num="16" count="1" type="stmt"/>
      <line num="17" count="1" type="stmt"/>
      <line num="18" count="1" type="stmt"/>
      <line num="19" count="1" type="stmt"/>
      <line num="24" count="0" type="stmt"/>
      <line num="25" count="0" type="stmt"/>
      <line num="29" count="1" type="stmt"/>
    </file>
  </project>
</coverage>
